  ConsoleApplication2.cpp
c:\users\ana almeida\desktop\meec_18\visão computador\consoleapplication3\consoleapplication2\consoleapplication2.cpp(80): warning C4267: 'argument': conversion from 'size_t' to 'int', possible loss of data
c:\users\ana almeida\desktop\meec_18\visão computador\consoleapplication3\consoleapplication2\consoleapplication2.cpp(180): warning C4267: 'initializing': conversion from 'size_t' to 'int', possible loss of data
c:\users\ana almeida\desktop\meec_18\visão computador\consoleapplication3\consoleapplication2\consoleapplication2.cpp(267): warning C4244: '=': conversion from 'double' to 'float', possible loss of data
c:\users\ana almeida\desktop\meec_18\visão computador\consoleapplication3\consoleapplication2\consoleapplication2.cpp(321): warning C4267: 'argument': conversion from 'size_t' to 'int', possible loss of data
c:\users\ana almeida\desktop\meec_18\visão computador\consoleapplication3\consoleapplication2\consoleapplication2.cpp(323): warning C4267: 'argument': conversion from 'size_t' to 'int', possible loss of data
c:\users\ana almeida\desktop\meec_18\visão computador\consoleapplication3\consoleapplication2\consoleapplication2.cpp(327): warning C4267: 'argument': conversion from 'size_t' to 'int', possible loss of data
c:\users\ana almeida\desktop\meec_18\visão computador\consoleapplication3\consoleapplication2\consoleapplication2.cpp(362): warning C4267: 'argument': conversion from 'size_t' to 'int', possible loss of data
c:\users\ana almeida\desktop\meec_18\visão computador\consoleapplication3\consoleapplication2\consoleapplication2.cpp(373): warning C4267: 'argument': conversion from 'size_t' to 'int', possible loss of data
c:\users\ana almeida\desktop\meec_18\visão computador\consoleapplication3\consoleapplication2\consoleapplication2.cpp(377): warning C4244: '=': conversion from 'double' to 'uchar', possible loss of data
c:\users\ana almeida\desktop\meec_18\visão computador\consoleapplication3\consoleapplication2\consoleapplication2.cpp(378): warning C4267: 'argument': conversion from 'size_t' to 'int', possible loss of data
c:\users\ana almeida\desktop\meec_18\visão computador\consoleapplication3\consoleapplication2\consoleapplication2.cpp(392): warning C4267: 'argument': conversion from 'size_t' to 'int', possible loss of data
c:\users\ana almeida\desktop\meec_18\visão computador\consoleapplication3\consoleapplication2\consoleapplication2.cpp(394): warning C4267: 'argument': conversion from 'size_t' to 'int', possible loss of data
c:\users\ana almeida\desktop\meec_18\visão computador\consoleapplication3\consoleapplication2\consoleapplication2.cpp(398): warning C4267: 'argument': conversion from 'size_t' to 'int', possible loss of data
  Generating code
  1 of 173 functions ( 0.6%) were compiled, the rest were copied from previous compilation.
    0 functions were new in current compilation
    0 functions had inline decision re-evaluated but remain unchanged
  Finished generating code
  ConsoleApplication2.vcxproj -> C:\Users\Ana Almeida\Desktop\MEEC_18\Visão Computador\ConsoleApplication3\x64\Release\ConsoleApplication2.exe
